Unity Editor version:    6000.0.32f1 (b2e806cf271c)
Branch:                  6000.0/staging
Build type:              Release
Batch mode:              YES
macOS version:           Version 15.2 (Build 24C101)
Darwin version:          24.2.0
Architecture:            arm64
Running under Rosetta:   NO
Available memory:        16384 MB
Using pre-set license
Pro License: YES

COMMAND LINE ARGUMENTS:
/Applications/Unity/Hub/Editor/6000.0.32f1/Unity.app/Contents/MacOS/Unity
-adb2
-batchMode
-noUpm
-name
AssetImportWorker0
-projectPath
/Users/ms/Desktop/FYP/AR Global Language Learning
-logFile
Logs/AssetImportWorker0.log
-srvPort
62237
-job-worker-count
3
-background-job-worker-count
8
-gc-helper-count
1
Successfully changed project path to: /Users/ms/Desktop/FYP/AR Global Language Learning
/Users/ms/Desktop/FYP/AR Global Language Learning
[UnityMemory] Configuration Parameters - Can be set up in boot.config
    "memorysetup-bucket-allocator-granularity=16"
    "memorysetup-bucket-allocator-bucket-count=8"
    "memorysetup-bucket-allocator-block-size=33554432"
    "memorysetup-bucket-allocator-block-count=8"
    "memorysetup-main-allocator-block-size=16777216"
    "memorysetup-thread-allocator-block-size=16777216"
    "memorysetup-gfx-main-allocator-block-size=16777216"
    "memorysetup-gfx-thread-allocator-block-size=16777216"
    "memorysetup-cache-allocator-block-size=4194304"
    "memorysetup-typetree-allocator-block-size=2097152"
    "memorysetup-profiler-bucket-allocator-granularity=16"
    "memorysetup-profiler-bucket-allocator-bucket-count=8"
    "memorysetup-profiler-bucket-allocator-block-size=33554432"
    "memorysetup-profiler-bucket-allocator-block-count=8"
    "memorysetup-profiler-allocator-block-size=16777216"
    "memorysetup-profiler-editor-allocator-block-size=1048576"
    "memorysetup-temp-allocator-size-main=16777216"
    "memorysetup-job-temp-allocator-block-size=2097152"
    "memorysetup-job-temp-allocator-block-size-background=1048576"
    "memorysetup-job-temp-allocator-reduction-small-platforms=262144"
    "memorysetup-allocator-temp-initial-block-size-main=262144"
    "memorysetup-allocator-temp-initial-block-size-worker=262144"
    "memorysetup-temp-allocator-size-background-worker=32768"
    "memorysetup-temp-allocator-size-job-worker=262144"
    "memorysetup-temp-allocator-size-preload-manager=33554432"
    "memorysetup-temp-allocator-size-nav-mesh-worker=65536"
    "memorysetup-temp-allocator-size-audio-worker=65536"
    "memorysetup-temp-allocator-size-cloud-worker=32768"
    "memorysetup-temp-allocator-size-gi-baking-worker=262144"
    "memorysetup-temp-allocator-size-gi-baking-worker=262144"
    "memorysetup-temp-allocator-size-gi-baking-worker=262144"
    "memorysetup-temp-allocator-size-gi-baking-worker=262144"
    "memorysetup-temp-allocator-size-gi-baking-worker=262144"
    "memorysetup-temp-allocator-size-gfx=262144"
Player connection [8635351616]  Target information:

Player connection [8635351616]  * "[IP] 10.168.76.137 [Port] 0 [Flags] 2 [Guid] 741403727 [EditorId] 741403727 [Version] 1048832 [Id] OSXEditor(0,miaosiandeMacBook-Pro.local) [Debug] 1 [PackageName] OSXEditor [ProjectName] Editor" 

Player connection [8635351616] Host joined multi-casting on [225.0.0.222:54997]...
Player connection [8635351616] Host joined alternative multi-casting on [225.0.0.222:34997]...
JobSystem: Creating JobQueue using job-worker-count value 3
[Physics::Module] Initialized fallback backend.
[Physics::Module] Id: 0xdecafbad
Library Redirect Path: Library/
[Physics::Module] Selected backend.
[Physics::Module] Name: PhysX
[Physics::Module] Id: 0xf2b8ea05
[Physics::Module] SDK Version: 4.1.2
[Physics::Module] Integration Version: 1.0.0
[Physics::Module] Threading Mode: Multi-Threaded
Refreshing native plugins compatible for Editor in 29.75 ms, found 11 plugins.
Preloading 0 native plugins for Editor in 0.00 ms.
Initialize engine version: 6000.0.32f1 (b2e806cf271c)
[Subsystems] Discovering subsystems at path /Applications/Unity/Hub/Editor/6000.0.32f1/Unity.app/Contents/Resources/UnitySubsystems
[Subsystems] Discovering subsystems at path /Users/ms/Desktop/FYP/AR Global Language Learning/Assets
GfxDevice: creating device client; kGfxThreadingModeNonThreaded
 preferred device: Apple M1 (high power)
Metal devices available: 1
0: Apple M1 (high power)
Using device Apple M1 (high power)
Initializing Metal device caps: Apple M1
Initialize mono
Mono path[0] = '/Applications/Unity/Hub/Editor/6000.0.32f1/Unity.app/Contents/Managed'
Mono path[1] = '/Applications/Unity/Hub/Editor/6000.0.32f1/Unity.app/Contents/MonoBleedingEdge/lib/mono/unityjit-macos'
Mono config path = '/Applications/Unity/Hub/Editor/6000.0.32f1/Unity.app/Contents/MonoBleedingEdge/etc'
Using monoOptions --debugger-agent=transport=dt_socket,embedding=1,server=y,suspend=n,address=127.0.0.1:56458
Begin MonoManager ReloadAssembly
Registering precompiled unity dll's ...
Register platform support module: /Applications/Unity/Hub/Editor/6000.0.32f1/PlaybackEngines/WebGLSupport/UnityEditor.WebGL.Extensions.dll
Register platform support module: /Applications/Unity/Hub/Editor/6000.0.32f1/Unity.app/Contents/PlaybackEngines/MacStandaloneSupport/UnityEditor.OSXStandalone.Extensions.dll
Register platform support module: /Applications/Unity/Hub/Editor/6000.0.32f1/PlaybackEngines/AndroidPlayer/UnityEditor.Android.Extensions.dll
Register platform support module: /Applications/Unity/Hub/Editor/6000.0.32f1/PlaybackEngines/iOSSupport/UnityEditor.iOS.Extensions.dll
Registered in 0.011155 seconds.
- Loaded All Assemblies, in  0.402 seconds
[usbmuxd] Start listen thread
[usbmuxd] Listen thread started
[usbmuxd] Send listen message
Native extension for iOS target not found
Native extension for Android target not found
Android Extension - Scanning For ADB Devices 116 ms
Native extension for OSXStandalone target not found
Native extension for WebGL target not found
Mono: successfully reloaded assembly
- Finished resetting the current domain, in  0.558 seconds
Domain Reload Profiling: 961ms
	BeginReloadAssembly (132ms)
		ExecutionOrderSort (0ms)
		DisableScriptedObjects (0ms)
		BackupInstance (0ms)
		ReleaseScriptingObjects (0ms)
		CreateAndSetChildDomain (1ms)
	RebuildCommonClasses (33ms)
	RebuildNativeTypeToScriptingClass (12ms)
	initialDomainReloadingComplete (50ms)
	LoadAllAssembliesAndSetupDomain (173ms)
		LoadAssemblies (134ms)
		RebuildTransferFunctionScriptingTraits (0ms)
		AnalyzeDomain (169ms)
			TypeCache.Refresh (168ms)
				TypeCache.ScanAssembly (152ms)
			BuildScriptInfoCaches (0ms)
			ResolveRequiredComponents (1ms)
	FinalizeReload (559ms)
		ReleaseScriptCaches (0ms)
		RebuildScriptCaches (0ms)
		SetupLoadedEditorAssemblies (499ms)
			LogAssemblyErrors (0ms)
			InitializePlatformSupportModulesInManaged (299ms)
			SetLoadedEditorAssemblies (3ms)
			BeforeProcessingInitializeOnLoad (43ms)
			ProcessInitializeOnLoadAttributes (96ms)
			ProcessInitializeOnLoadMethodAttributes (57ms)
			AfterProcessingInitializeOnLoad (0ms)
			EditorAssembliesLoaded (0ms)
		ExecutionOrderSort2 (0ms)
		AwakeInstancesAfterBackupRestoration (0ms)
========================================================================
Worker process is ready to serve import requests
Import Worker Mode flag is 0x00
Begin MonoManager ReloadAssembly
Symbol file LoadedFromMemory is not a mono symbol file
- Loaded All Assemblies, in  0.859 seconds
'Packages/com.unity.xr.openxr/Runtime/OpenXRLoader.cs' contains partial class of Unity.Object, exactly 1 of the partial classes needs to be in a file with the same filename. This is to know the one that can be referenced from ie. GameObjects
'Packages/com.unity.xr.openxr/Runtime/OpenXRLoaderInternal.cs' contains partial class of Unity.Object, exactly 1 of the partial classes needs to be in a file with the same filename. This is to know the one that can be referenced from ie. GameObjects
Refreshing native plugins compatible for Editor in 4.30 ms, found 11 plugins.
Native extension for iOS target not found
Native extension for Android target not found
Native extension for OSXStandalone target not found
Native extension for WebGL target not found
Package Manager log level set to [2]
[Package Manager] Failed to launch server process. Reason: Unity was launched with the -noUpm command-line argument
[Package Manager] Unable to send message (not connected to server process).
[Package Manager] Cannot connect to Unity Package Manager local server
[Package Manager] Failed to launch server process. Reason: Unity was launched with the -noUpm command-line argument
[Package Manager] Unable to send message (not connected to server process).
[Package Manager] Cannot connect to Unity Package Manager local server
[Package Manager] Failed to launch server process. Reason: Unity was launched with the -noUpm command-line argument
[Package Manager] Unable to send message (not connected to server process).
[Package Manager] Cannot connect to Unity Package Manager local server
System.Reflection.TargetInvocationException: Exception has been thrown by the target of an invocation. ---> System.TypeInitializationException: The type initializer for 'UnityEditor.XR.Interaction.Toolkit.Samples.ARStarterAssets.Editor.ARStarterAssetsSampleProjectValidation' threw an exception. ---> System.NullReferenceException: Object reference not set to an instance of an object
  at Unity.XR.CoreUtils.Editor.PackageVersionUtility.UpdatePackageVersions () [0x00034] in ./Library/PackageCache/com.unity.xr.core-utils/Editor/ProjectValidation/PackageVersionUtility.cs:46 
  at Unity.XR.CoreUtils.Editor.PackageVersionUtility.GetPackageVersion (System.String packageName) [0x00011] in ./Library/PackageCache/com.unity.xr.core-utils/Editor/ProjectValidation/PackageVersionUtility.cs:67 
  at UnityEditor.XR.Interaction.Toolkit.Samples.ARStarterAssets.Editor.ARStarterAssetsSampleProjectValidation..cctor () [0x00032] in /Users/ms/Desktop/FYP/AR Global Language Learning/Assets/Samples/XR Interaction Toolkit/3.0.6/AR Starter Assets/Editor/Scripts/ARStarterAssetsSampleProjectValidation.cs:32 
   --- End of inner exception stack trace ---
  at (wrapper managed-to-native) System.Reflection.RuntimeMethodInfo.InternalInvoke(System.Reflection.RuntimeMethodInfo,object,object[],System.Exception&)
  at System.Reflection.RuntimeMethodInfo.Invoke (System.Object obj, System.Reflection.BindingFlags invokeAttr, System.Reflection.Binder binder, System.Object[] parameters, System.Globalization.CultureInfo culture) [0x0006a] in <3aacbe608a2f468eb6bb1c15e219490d>:0 
   --- End of inner exception stack trace ---
  at System.Reflection.RuntimeMethodInfo.Invoke (System.Object obj, System.Reflection.BindingFlags invokeAttr, System.Reflection.Binder binder, System.Object[] parameters, System.Globalization.CultureInfo culture) [0x00083] in <3aacbe608a2f468eb6bb1c15e219490d>:0 
  at System.Reflection.MethodBase.Invoke (System.Object obj, System.Object[] parameters) [0x00000] in <3aacbe608a2f468eb6bb1c15e219490d>:0 
  at UnityEditor.EditorAssemblies.ProcessInitializeOnLoadMethodAttributes () [0x00056] in /Users/bokken/build/output/unity/unity/Editor/Mono/EditorAssemblies.cs:142 
UnityEngine.Debug:ExtractStackTraceNoAlloc (byte*,int,string)
UnityEngine.StackTraceUtility:ExtractStackTrace () (at /Users/bokken/build/output/unity/unity/Runtime/Export/Scripting/StackTrace.cs:37)
UnityEngine.DebugLogHandler:Internal_Log (UnityEngine.LogType,UnityEngine.LogOption,string,UnityEngine.Object)
UnityEngine.DebugLogHandler:LogFormat (UnityEngine.LogType,UnityEngine.Object,string,object[])
UnityEngine.Logger:Log (UnityEngine.LogType,object)
UnityEngine.Debug:LogError (object)
UnityEditor.EditorAssemblies:ProcessInitializeOnLoadMethodAttributes () (at /Users/bokken/build/output/unity/unity/Editor/Mono/EditorAssemblies.cs:146)

(Filename: /Users/bokken/build/output/unity/unity/Editor/Mono/EditorAssemblies.cs Line: 146)

Mono: successfully reloaded assembly
[Package Manager] Failed to launch server process. Reason: Unity was launched with the -noUpm command-line argument
[Package Manager] Unable to send message (not connected to server process).
[Package Manager] Cannot connect to Unity Package Manager local server
[Package Manager] Failed to launch server process. Reason: Unity was launched with the -noUpm command-line argument
[Package Manager] Unable to send message (not connected to server process).
[Package Manager] Cannot connect to Unity Package Manager local server
- Finished resetting the current domain, in  0.902 seconds
Domain Reload Profiling: 1756ms
	BeginReloadAssembly (127ms)
		ExecutionOrderSort (0ms)
		DisableScriptedObjects (4ms)
		BackupInstance (0ms)
		ReleaseScriptingObjects (0ms)
		CreateAndSetChildDomain (37ms)
	RebuildCommonClasses (33ms)
	RebuildNativeTypeToScriptingClass (11ms)
	initialDomainReloadingComplete (31ms)
	LoadAllAssembliesAndSetupDomain (651ms)
		LoadAssemblies (453ms)
		RebuildTransferFunctionScriptingTraits (0ms)
		AnalyzeDomain (261ms)
			TypeCache.Refresh (203ms)
				TypeCache.ScanAssembly (174ms)
			BuildScriptInfoCaches (45ms)
			ResolveRequiredComponents (11ms)
	FinalizeReload (902ms)
		ReleaseScriptCaches (0ms)
		RebuildScriptCaches (0ms)
		SetupLoadedEditorAssemblies (763ms)
			LogAssemblyErrors (0ms)
			InitializePlatformSupportModulesInManaged (20ms)
			SetLoadedEditorAssemblies (4ms)
			BeforeProcessingInitializeOnLoad (83ms)
			ProcessInitializeOnLoadAttributes (523ms)
			ProcessInitializeOnLoadMethodAttributes (133ms)
			AfterProcessingInitializeOnLoad (1ms)
			EditorAssembliesLoaded (0ms)
		ExecutionOrderSort2 (0ms)
		AwakeInstancesAfterBackupRestoration (2ms)
Launching external process: /Applications/Unity/Hub/Editor/6000.0.32f1/Unity.app/Contents/Tools/UnityShaderCompiler
Launched and connected shader compiler UnityShaderCompiler after 0.04 seconds
Refreshing native plugins compatible for Editor in 12.00 ms, found 11 plugins.
Preloading 0 native plugins for Editor in 0.00 ms.
Unloading 286 Unused Serialized files (Serialized files now loaded: 0)
Unloading 6045 unused Assets / (5.3 MB). Loaded Objects now: 6747.
Memory consumption went from 183.3 MB to 178.0 MB.
Total: 44.353708 ms (FindLiveObjects: 3.608083 ms CreateObjectMapping: 0.218542 ms MarkObjects: 29.870292 ms  DeleteObjects: 10.655792 ms)

========================================================================
Received Import Request.
  Time since last request: 2035800.295084 seconds.
  path: Assets/Low_poly_Kitchen_set/URP/prefeb/bottle_1.prefab
  artifactKey: Guid(54cffa94b1aacc540ad05eb93cb131b3) Importer(815301076,1909f56bfc062723c751e8b465ee728b)
Start importing Assets/Low_poly_Kitchen_set/URP/prefeb/bottle_1.prefab using Guid(54cffa94b1aacc540ad05eb93cb131b3) Importer(815301076,1909f56bfc062723c751e8b465ee728b) (PreviewImporter) -> (artifact id: '70f6e31ea64e54d0cbaa953f21e5cb05') in 0.492048208 seconds
Number of updated asset objects reloaded before import = 0Number of asset objects unloaded after import = 19

========================================================================
Received Import Request.
  Time since last request: 0.000297 seconds.
  path: Assets/Low_poly_Kitchen_set/meshes/bottle_2.fbx
  artifactKey: Guid(986da2d76a4d93c46a89511e72654d02) Importer(815301076,1909f56bfc062723c751e8b465ee728b)
Start importing Assets/Low_poly_Kitchen_set/meshes/bottle_2.fbx using Guid(986da2d76a4d93c46a89511e72654d02) Importer(815301076,1909f56bfc062723c751e8b465ee728b) (PreviewImporter) -> (artifact id: '39a7c684301095501e046ddc86d11040') in 0.081593417 seconds
Number of updated asset objects reloaded before import = 0Number of asset objects unloaded after import = 9

========================================================================
Received Import Request.
  Time since last request: 0.000149 seconds.
  path: Assets/Low_poly_Kitchen_set/HDRP/materials/bottle.mat
  artifactKey: Guid(e5ee8e2ec9f6e8a42942d8a21a399c9b) Importer(815301076,1909f56bfc062723c751e8b465ee728b)
Start importing Assets/Low_poly_Kitchen_set/HDRP/materials/bottle.mat using Guid(e5ee8e2ec9f6e8a42942d8a21a399c9b) Importer(815301076,1909f56bfc062723c751e8b465ee728b) (PreviewImporter) -> (artifact id: '7e105f13b1769cdb5dbd1528029490d0') in 0.068865791 seconds
Number of updated asset objects reloaded before import = 0Number of asset objects unloaded after import = 3

========================================================================
Received Import Request.
  Time since last request: 0.000101 seconds.
  path: Assets/Low_poly_Kitchen_set/URP/prefeb/bottle_4.prefab
  artifactKey: Guid(4dc01495623e28b48a335e3b7b052cbe) Importer(815301076,1909f56bfc062723c751e8b465ee728b)
Start importing Assets/Low_poly_Kitchen_set/URP/prefeb/bottle_4.prefab using Guid(4dc01495623e28b48a335e3b7b052cbe) Importer(815301076,1909f56bfc062723c751e8b465ee728b) (PreviewImporter) -> (artifact id: 'ef8f0c1a08767b3702e2546711791103') in 0.009289917 seconds
Number of updated asset objects reloaded before import = 0Number of asset objects unloaded after import = 15

========================================================================
Received Import Request.
  Time since last request: 0.000063 seconds.
  path: Assets/Low_poly_Kitchen_set/meshes/bottle_4.fbx
  artifactKey: Guid(0835f5ba3933dd6488a1e0933fcef8e5) Importer(815301076,1909f56bfc062723c751e8b465ee728b)
Start importing Assets/Low_poly_Kitchen_set/meshes/bottle_4.fbx using Guid(0835f5ba3933dd6488a1e0933fcef8e5) Importer(815301076,1909f56bfc062723c751e8b465ee728b) (PreviewImporter) -> (artifact id: 'b6c4182dbeb9f5df79ba9648a0ae2619') in 0.0156015 seconds
Number of updated asset objects reloaded before import = 0Number of asset objects unloaded after import = 9

========================================================================
Received Import Request.
  Time since last request: 0.000112 seconds.
  path: Assets/Low_poly_Kitchen_set/HDRP/prefeb/bottle_1.prefab
  artifactKey: Guid(cc497260f18f8084ab998d38c6e9999d) Importer(815301076,1909f56bfc062723c751e8b465ee728b)
Start importing Assets/Low_poly_Kitchen_set/HDRP/prefeb/bottle_1.prefab using Guid(cc497260f18f8084ab998d38c6e9999d) Importer(815301076,1909f56bfc062723c751e8b465ee728b) (PreviewImporter) -> (artifact id: '41154ddb1be071d26cd44d1975130123') in 0.012748583 seconds
Number of updated asset objects reloaded before import = 0Number of asset objects unloaded after import = 37

========================================================================
Received Import Request.
  Time since last request: 0.000052 seconds.
  path: Assets/Low_poly_Kitchen_set/URP/prefeb/bottle_3.prefab
  artifactKey: Guid(ab2ad778ebdec0a4e8aa84222f60a6bc) Importer(815301076,1909f56bfc062723c751e8b465ee728b)
Start importing Assets/Low_poly_Kitchen_set/URP/prefeb/bottle_3.prefab using Guid(ab2ad778ebdec0a4e8aa84222f60a6bc) Importer(815301076,1909f56bfc062723c751e8b465ee728b) (PreviewImporter) -> (artifact id: '4a5815534c980521bc34af43df0a9afb') in 0.008655 seconds
Number of updated asset objects reloaded before import = 0Number of asset objects unloaded after import = 19

========================================================================
Received Import Request.
  Time since last request: 0.000055 seconds.
  path: Assets/Low_poly_Kitchen_set/meshes/bottle_1.fbx
  artifactKey: Guid(74132ce9f228d5049be60658170b0ac4) Importer(815301076,1909f56bfc062723c751e8b465ee728b)
Start importing Assets/Low_poly_Kitchen_set/meshes/bottle_1.fbx using Guid(74132ce9f228d5049be60658170b0ac4) Importer(815301076,1909f56bfc062723c751e8b465ee728b) (PreviewImporter) -> (artifact id: '6d69792692daa3dbcc2eac062a578026') in 0.01245 seconds
Number of updated asset objects reloaded before import = 0Number of asset objects unloaded after import = 9

========================================================================
Received Import Request.
  Time since last request: 0.000056 seconds.
  path: Assets/Low_poly_Kitchen_set/URP/materials/bottle.mat
  artifactKey: Guid(1ecf140930c77d74c94b95b2be6276a0) Importer(815301076,1909f56bfc062723c751e8b465ee728b)
Start importing Assets/Low_poly_Kitchen_set/URP/materials/bottle.mat using Guid(1ecf140930c77d74c94b95b2be6276a0) Importer(815301076,1909f56bfc062723c751e8b465ee728b) (PreviewImporter) -> (artifact id: '7ca64a9472492f9318086083cd094eca') in 0.007388041 seconds
Number of updated asset objects reloaded before import = 0Number of asset objects unloaded after import = 2

========================================================================
Received Import Request.
  Time since last request: 0.000055 seconds.
  path: Assets/Low_poly_Kitchen_set/HDRP/prefeb/bottle_3.prefab
  artifactKey: Guid(c92a921b9229fec4aa79acaee88f3e68) Importer(815301076,1909f56bfc062723c751e8b465ee728b)
Start importing Assets/Low_poly_Kitchen_set/HDRP/prefeb/bottle_3.prefab using Guid(c92a921b9229fec4aa79acaee88f3e68) Importer(815301076,1909f56bfc062723c751e8b465ee728b) (PreviewImporter) -> (artifact id: '5707e89bc9ce6082fbcb11762986b644') in 0.00741375 seconds
Number of updated asset objects reloaded before import = 0Number of asset objects unloaded after import = 37

========================================================================
Received Import Request.
  Time since last request: 0.000062 seconds.
  path: Assets/Toony Kitchen Ingredients Free/Meshes/Miscellaneous/drinks.fbx
  artifactKey: Guid(904d9d4e5ba2e9f4f9c1690474ad021c) Importer(815301076,1909f56bfc062723c751e8b465ee728b)
Start importing Assets/Toony Kitchen Ingredients Free/Meshes/Miscellaneous/drinks.fbx using Guid(904d9d4e5ba2e9f4f9c1690474ad021c) Importer(815301076,1909f56bfc062723c751e8b465ee728b) (PreviewImporter) -> (artifact id: '47126c224ca15c6fa72a2db7e156b0d7') in 0.095016167 seconds
Number of updated asset objects reloaded before import = 0Number of asset objects unloaded after import = 87

========================================================================
Received Import Request.
  Time since last request: 0.000049 seconds.
  path: Assets/Low_poly_Kitchen_set/meshes/bottle_Cap.fbx
  artifactKey: Guid(4d94750fa7683034fb82edcae0526145) Importer(815301076,1909f56bfc062723c751e8b465ee728b)
Start importing Assets/Low_poly_Kitchen_set/meshes/bottle_Cap.fbx using Guid(4d94750fa7683034fb82edcae0526145) Importer(815301076,1909f56bfc062723c751e8b465ee728b) (PreviewImporter) -> (artifact id: '73e409584a5f8025aebacfe93f330e9a') in 0.011987167 seconds
Number of updated asset objects reloaded before import = 0Number of asset objects unloaded after import = 9

========================================================================
Received Import Request.
  Time since last request: 0.000126 seconds.
  path: Assets/Kitchen Asset/FBX/BottleMilk/Bottle/Materials/Bottle_DefaultMaterial_AO.tga
  artifactKey: Guid(eb351c860116dfc4f85fe1de92ffd38b) Importer(815301076,1909f56bfc062723c751e8b465ee728b)
Start importing Assets/Kitchen Asset/FBX/BottleMilk/Bottle/Materials/Bottle_DefaultMaterial_AO.tga using Guid(eb351c860116dfc4f85fe1de92ffd38b) Importer(815301076,1909f56bfc062723c751e8b465ee728b) (PreviewImporter) -> (artifact id: 'e6a91e6a26cdab15d46f37a7849c9a02') in 0.010309 seconds
Number of updated asset objects reloaded before import = 0Number of asset objects unloaded after import = 2

========================================================================
Received Import Request.
  Time since last request: 0.000075 seconds.
  path: Assets/Toony Kitchen Ingredients Free/Prefabs/Miscellaneous/bottle.prefab
  artifactKey: Guid(d835a48f0abc7f847b02b4b5980dc29b) Importer(815301076,1909f56bfc062723c751e8b465ee728b)
Start importing Assets/Toony Kitchen Ingredients Free/Prefabs/Miscellaneous/bottle.prefab using Guid(d835a48f0abc7f847b02b4b5980dc29b) Importer(815301076,1909f56bfc062723c751e8b465ee728b) (PreviewImporter) -> (artifact id: '0e5e8950e77be0cc9dbcc4dad8da1172') in 0.008162458 seconds
Number of updated asset objects reloaded before import = 0Number of asset objects unloaded after import = 21

========================================================================
Received Import Request.
  Time since last request: 0.000095 seconds.
  path: Assets/Low_poly_Kitchen_set/Built_in/prefeb/bottle_4.prefab
  artifactKey: Guid(682744e20d5eec7488a83b2ed303942f) Importer(815301076,1909f56bfc062723c751e8b465ee728b)
Start importing Assets/Low_poly_Kitchen_set/Built_in/prefeb/bottle_4.prefab using Guid(682744e20d5eec7488a83b2ed303942f) Importer(815301076,1909f56bfc062723c751e8b465ee728b) (PreviewImporter) -> (artifact id: '8025a45398cf2333f1b83b24f130df71') in 0.09149925 seconds
Number of updated asset objects reloaded before import = 0Number of asset objects unloaded after import = 15

========================================================================
Received Import Request.
  Time since last request: 8.265171 seconds.
  path: Assets/Kitchen Asset/FBX/BottleMilk/Bottle/Materials/Bottle_DefaultMaterial_MetallicSmoothness.tga
  artifactKey: Guid(9a8ff186e6f30404881bae5a0d8b8ee6) Importer(815301076,1909f56bfc062723c751e8b465ee728b)
Start importing Assets/Kitchen Asset/FBX/BottleMilk/Bottle/Materials/Bottle_DefaultMaterial_MetallicSmoothness.tga using Guid(9a8ff186e6f30404881bae5a0d8b8ee6) Importer(815301076,1909f56bfc062723c751e8b465ee728b) (PreviewImporter) -> (artifact id: '712ab7d399ae7f4d8694e8c80b9c0a1f') in 0.0399255 seconds
Number of updated asset objects reloaded before import = 0Number of asset objects unloaded after import = 2

========================================================================
Received Import Request.
  Time since last request: 0.001254 seconds.
  path: Assets/Low_poly_Kitchen_set/HDRP/materials/bottle_MaskMap.png
  artifactKey: Guid(56dfc4c4c0f5222478e8f19efe7d6f4e) Importer(815301076,1909f56bfc062723c751e8b465ee728b)
Start importing Assets/Low_poly_Kitchen_set/HDRP/materials/bottle_MaskMap.png using Guid(56dfc4c4c0f5222478e8f19efe7d6f4e) Importer(815301076,1909f56bfc062723c751e8b465ee728b) (PreviewImporter) -> (artifact id: '356e2507798921ee7abf9c8b4c197515') in 0.012170542 seconds
Number of updated asset objects reloaded before import = 0Number of asset objects unloaded after import = 2

========================================================================
Received Import Request.
  Time since last request: 2.227813 seconds.
  path: Assets/Brick Project Studio/Apartment Kit/_Prefabs/Props/Wine Liquor Beer and Glassware - Sample/wine bottle 04_Low Poly.prefab
  artifactKey: Guid(e0f8fa703bcf04a419f5263f5020b059) Importer(815301076,1909f56bfc062723c751e8b465ee728b)
Start importing Assets/Brick Project Studio/Apartment Kit/_Prefabs/Props/Wine Liquor Beer and Glassware - Sample/wine bottle 04_Low Poly.prefab using Guid(e0f8fa703bcf04a419f5263f5020b059) Importer(815301076,1909f56bfc062723c751e8b465ee728b) (PreviewImporter) -> (artifact id: '280f3fc0e75bcd9d5d428dc80cfbf28c') in 0.017272375 seconds
Number of updated asset objects reloaded before import = 0Number of asset objects unloaded after import = 22

========================================================================
Received Import Request.
  Time since last request: 35.275272 seconds.
  path: Assets/Prefabs/bottle.prefab
  artifactKey: Guid(8593fb4c268754f4f9170f7f46c36e7a) Importer(815301076,1909f56bfc062723c751e8b465ee728b)
Start importing Assets/Prefabs/bottle.prefab using Guid(8593fb4c268754f4f9170f7f46c36e7a) Importer(815301076,1909f56bfc062723c751e8b465ee728b) (PreviewImporter) -> (artifact id: 'b12d2a618370116d3375c519341eeac2') in 0.031597792 seconds
Number of updated asset objects reloaded before import = 0Number of asset objects unloaded after import = 21

========================================================================
Received Import Request.
  Time since last request: 9.355150 seconds.
  path: Assets/Prefabs/bottle.prefab
  artifactKey: Guid(8593fb4c268754f4f9170f7f46c36e7a) Importer(815301076,1909f56bfc062723c751e8b465ee728b)
Start importing Assets/Prefabs/bottle.prefab using Guid(8593fb4c268754f4f9170f7f46c36e7a) Importer(815301076,1909f56bfc062723c751e8b465ee728b) (PreviewImporter) -> (artifact id: 'c9f7973841f0a7fc97b02a84b1488814') in 0.045493542 seconds
Number of updated asset objects reloaded before import = 0Number of asset objects unloaded after import = 21

========================================================================
Received Import Request.
  Time since last request: 1.693853 seconds.
  path: Assets/Prefabs/bottle.prefab
  artifactKey: Guid(8593fb4c268754f4f9170f7f46c36e7a) Importer(815301076,1909f56bfc062723c751e8b465ee728b)
Start importing Assets/Prefabs/bottle.prefab using Guid(8593fb4c268754f4f9170f7f46c36e7a) Importer(815301076,1909f56bfc062723c751e8b465ee728b) (PreviewImporter) -> (artifact id: '1558f352c12aec6fbf18739aa7099620') in 0.011568708 seconds
Number of updated asset objects reloaded before import = 0Number of asset objects unloaded after import = 21

========================================================================
Received Import Request.
  Time since last request: 0.757344 seconds.
  path: Assets/Prefabs/bottle.prefab
  artifactKey: Guid(8593fb4c268754f4f9170f7f46c36e7a) Importer(815301076,1909f56bfc062723c751e8b465ee728b)
Start importing Assets/Prefabs/bottle.prefab using Guid(8593fb4c268754f4f9170f7f46c36e7a) Importer(815301076,1909f56bfc062723c751e8b465ee728b) (PreviewImporter) -> (artifact id: '51ba568c951dffb7c02e9ebf80f8ef4b') in 0.006613875 seconds
Number of updated asset objects reloaded before import = 0Number of asset objects unloaded after import = 21

========================================================================
Received Import Request.
  Time since last request: 18.757043 seconds.
  path: Assets/Prefabs/Bottleprefab.prefab
  artifactKey: Guid(8593fb4c268754f4f9170f7f46c36e7a) Importer(815301076,1909f56bfc062723c751e8b465ee728b)
Start importing Assets/Prefabs/Bottleprefab.prefab using Guid(8593fb4c268754f4f9170f7f46c36e7a) Importer(815301076,1909f56bfc062723c751e8b465ee728b) (PreviewImporter) -> (artifact id: 'f0d8fce97c1e28c6f541122bc1cdeb94') in 0.069954166 seconds
Number of updated asset objects reloaded before import = 0Number of asset objects unloaded after import = 21

========================================================================
Received Import Request.
  Time since last request: 3.610847 seconds.
  path: Assets/Prefabs/BottlePrefab.prefab
  artifactKey: Guid(8593fb4c268754f4f9170f7f46c36e7a) Importer(815301076,1909f56bfc062723c751e8b465ee728b)
Start importing Assets/Prefabs/BottlePrefab.prefab using Guid(8593fb4c268754f4f9170f7f46c36e7a) Importer(815301076,1909f56bfc062723c751e8b465ee728b) (PreviewImporter) -> (artifact id: '7f5ef16cd8897bf09a4cacc608e2c932') in 0.020137667 seconds
Number of updated asset objects reloaded before import = 0Number of asset objects unloaded after import = 21

========================================================================
Received Import Request.
  Time since last request: 23.164446 seconds.
  path: Assets/Prefabs/BottlePrefab.prefab
  artifactKey: Guid(8593fb4c268754f4f9170f7f46c36e7a) Importer(2089858483,192608db42251d675da83286b1cce702)
Start importing Assets/Prefabs/BottlePrefab.prefab using Guid(8593fb4c268754f4f9170f7f46c36e7a) Importer(2089858483,192608db42251d675da83286b1cce702) (ScriptedImporter) -> (artifact id: 'db84dfe35bb710b94e503cc73d2f8d14') in 0.279683958 seconds
Number of updated asset objects reloaded before import = 0Number of asset objects unloaded after import = 18

========================================================================
Received Import Request.
  Time since last request: 0.000272 seconds.
  path: Assets/Scenes/Cha_enter.unity
  artifactKey: Guid(173f30f3266414c6dbbbed640aed273b) Importer(2089858483,192608db42251d675da83286b1cce702)
Start importing Assets/Scenes/Cha_enter.unity using Guid(173f30f3266414c6dbbbed640aed273b) Importer(2089858483,192608db42251d675da83286b1cce702) (ScriptedImporter) -> (artifact id: '22562308fc630c1049208e0f963fdda0') in 0.026061833 seconds
Number of updated asset objects reloaded before import = 0Number of asset objects unloaded after import = 1

========================================================================
Received Import Request.
  Time since last request: 210.314154 seconds.
  path: Assets/Brick Project Studio/Apartment Kit/_Prefabs/Furniture/Kitchen/Cabinets/Cabinet_Base_Corner_01.prefab
  artifactKey: Guid(9e4d4910b774d1f48810a4fa933835c5) Importer(815301076,1909f56bfc062723c751e8b465ee728b)
Start importing Assets/Brick Project Studio/Apartment Kit/_Prefabs/Furniture/Kitchen/Cabinets/Cabinet_Base_Corner_01.prefab using Guid(9e4d4910b774d1f48810a4fa933835c5) Importer(815301076,1909f56bfc062723c751e8b465ee728b) (PreviewImporter) -> (artifact id: '78936a4e9f68c0637132108ce722c43d') in 0.109892334 seconds
Number of updated asset objects reloaded before import = 0Number of asset objects unloaded after import = 52

========================================================================
Received Import Request.
  Time since last request: 0.000205 seconds.
  path: Assets/Brick Project Studio/Apartment Kit/_Prefabs/Furniture/Kitchen/Cabinets/Cabinet_Base_Sink_01.prefab
  artifactKey: Guid(1a83256f7767c2c46a1371969648490c) Importer(815301076,1909f56bfc062723c751e8b465ee728b)
Start importing Assets/Brick Project Studio/Apartment Kit/_Prefabs/Furniture/Kitchen/Cabinets/Cabinet_Base_Sink_01.prefab using Guid(1a83256f7767c2c46a1371969648490c) Importer(815301076,1909f56bfc062723c751e8b465ee728b) (PreviewImporter) -> (artifact id: '35536046c01bcba392838f8335b14511') in 0.011365208 seconds
Number of updated asset objects reloaded before import = 0Number of asset objects unloaded after import = 90

========================================================================
Received Import Request.
  Time since last request: 0.587819 seconds.
  path: Assets/Brick Project Studio/Apartment Kit/Common/Materials/Surface/CounterTop_01.mat
  artifactKey: Guid(656eb32607aaaed4590ee8c05d00282f) Importer(2089858483,192608db42251d675da83286b1cce702)
Start importing Assets/Brick Project Studio/Apartment Kit/Common/Materials/Surface/CounterTop_01.mat using Guid(656eb32607aaaed4590ee8c05d00282f) Importer(2089858483,192608db42251d675da83286b1cce702) (ScriptedImporter) -> (artifact id: 'c683a81b7715d20694d27fdbd40261a8') in 0.026830542 seconds
Number of updated asset objects reloaded before import = 0Number of asset objects unloaded after import = 4

[usbmuxd] Attached: 165 00008120-000A41CC3C3B401E
========================================================================
Received Import Request.
  Time since last request: 363.920107 seconds.
  path: Assets/Prefabs/BottlePrefab.prefab
  artifactKey: Guid(8593fb4c268754f4f9170f7f46c36e7a) Importer(815301076,1909f56bfc062723c751e8b465ee728b)
Start importing Assets/Prefabs/BottlePrefab.prefab using Guid(8593fb4c268754f4f9170f7f46c36e7a) Importer(815301076,1909f56bfc062723c751e8b465ee728b) (PreviewImporter) -> (artifact id: '4fb286532336a50bc538d62932271bc9') in 0.093258708 seconds
Number of updated asset objects reloaded before import = 0Number of asset objects unloaded after import = 21

========================================================================
Received Import Request.
  Time since last request: 0.758494 seconds.
  path: Assets/Prefabs/BottlePrefab.prefab
  artifactKey: Guid(8593fb4c268754f4f9170f7f46c36e7a) Importer(2089858483,192608db42251d675da83286b1cce702)
Start importing Assets/Prefabs/BottlePrefab.prefab using Guid(8593fb4c268754f4f9170f7f46c36e7a) Importer(2089858483,192608db42251d675da83286b1cce702) (ScriptedImporter) -> (artifact id: '4ceb8e2a4f61db81173321b1e96d302d') in 0.018958167 seconds
Number of updated asset objects reloaded before import = 0Number of asset objects unloaded after import = 18

========================================================================
Received Import Request.
  Time since last request: 0.381208 seconds.
  path: Assets/Prefabs/BottlePrefab.prefab
  artifactKey: Guid(8593fb4c268754f4f9170f7f46c36e7a) Importer(815301076,1909f56bfc062723c751e8b465ee728b)
Start importing Assets/Prefabs/BottlePrefab.prefab using Guid(8593fb4c268754f4f9170f7f46c36e7a) Importer(815301076,1909f56bfc062723c751e8b465ee728b) (PreviewImporter) -> (artifact id: '9b727ef6acca3171708e1384c1902332') in 0.021503 seconds
Number of updated asset objects reloaded before import = 0Number of asset objects unloaded after import = 21

========================================================================
Received Import Request.
  Time since last request: 1.330857 seconds.
  path: Assets/Prefabs/BottlePrefab.prefab
  artifactKey: Guid(8593fb4c268754f4f9170f7f46c36e7a) Importer(815301076,1909f56bfc062723c751e8b465ee728b)
Start importing Assets/Prefabs/BottlePrefab.prefab using Guid(8593fb4c268754f4f9170f7f46c36e7a) Importer(815301076,1909f56bfc062723c751e8b465ee728b) (PreviewImporter) -> (artifact id: '46719bdc0732474357d8dfad524635a5') in 0.00981575 seconds
Number of updated asset objects reloaded before import = 0Number of asset objects unloaded after import = 21

========================================================================
Received Import Request.
  Time since last request: 41.899056 seconds.
  path: Assets/Prefabs/BottlePrefab.prefab
  artifactKey: Guid(8593fb4c268754f4f9170f7f46c36e7a) Importer(2089858483,192608db42251d675da83286b1cce702)
Start importing Assets/Prefabs/BottlePrefab.prefab using Guid(8593fb4c268754f4f9170f7f46c36e7a) Importer(2089858483,192608db42251d675da83286b1cce702) (ScriptedImporter) -> (artifact id: 'efe9445467c913c58cd4ae350e8f1add') in 0.023936917 seconds
Number of updated asset objects reloaded before import = 1Number of asset objects unloaded after import = 18

========================================================================
Received Import Request.
  Time since last request: 6.977429 seconds.
  path: Assets/Settings/UniversalRenderPipelineGlobalSettings.asset
  artifactKey: Guid(18dc0cd2c080841dea60987a38ce93fa) Importer(2089858483,192608db42251d675da83286b1cce702)
Start importing Assets/Settings/UniversalRenderPipelineGlobalSettings.asset using Guid(18dc0cd2c080841dea60987a38ce93fa) Importer(2089858483,192608db42251d675da83286b1cce702) (ScriptedImporter) -> (artifact id: 'f58122b21a9e1a2c23199eece344d7a6') in 0.301835792 seconds
Number of updated asset objects reloaded before import = 0Number of asset objects unloaded after import = 0

[usbmuxd] Detached: 165 00008120-000A41CC3C3B401E
========================================================================
Received Import Request.
  Time since last request: 4898.798857 seconds.
  path: Assets/Scenes/ProgressHome.unity
  artifactKey: Guid(d806cddebcb7e45a49dfbb1c8280aa6a) Importer(815301076,1909f56bfc062723c751e8b465ee728b)
Start importing Assets/Scenes/ProgressHome.unity using Guid(d806cddebcb7e45a49dfbb1c8280aa6a) Importer(815301076,1909f56bfc062723c751e8b465ee728b) (PreviewImporter) -> (artifact id: '27d0357e7f102beaff84176cf0eb1e4f') in 0.015407584 seconds
Number of updated asset objects reloaded before import = 0Number of asset objects unloaded after import = 0

========================================================================
Received Import Request.
  Time since last request: 1040.452262 seconds.
  path: Assets/Scenes/ProgressHome.unity
  artifactKey: Guid(d806cddebcb7e45a49dfbb1c8280aa6a) Importer(2089858483,192608db42251d675da83286b1cce702)
Start importing Assets/Scenes/ProgressHome.unity using Guid(d806cddebcb7e45a49dfbb1c8280aa6a) Importer(2089858483,192608db42251d675da83286b1cce702) (ScriptedImporter) -> (artifact id: 'ed4f97c07867328aa4215ae55bbedb91') in 0.104162167 seconds
Number of updated asset objects reloaded before import = 0Number of asset objects unloaded after import = 1

========================================================================
Received Prepare
'Packages/com.unity.xr.openxr/Runtime/OpenXRLoader.cs' contains partial class of Unity.Object, exactly 1 of the partial classes needs to be in a file with the same filename. This is to know the one that can be referenced from ie. GameObjects
'Packages/com.unity.xr.openxr/Runtime/OpenXRLoaderInternal.cs' contains partial class of Unity.Object, exactly 1 of the partial classes needs to be in a file with the same filename. This is to know the one that can be referenced from ie. GameObjects
Refreshing native plugins compatible for Editor in 3.82 ms, found 11 plugins.
Preloading 0 native plugins for Editor in 0.00 ms.
Unloading 35 Unused Serialized files (Serialized files now loaded: 0)
Unloading 5970 unused Assets / (6.8 MB). Loaded Objects now: 6931.
Memory consumption went from 158.9 MB to 152.0 MB.
Total: 64.604417 ms (FindLiveObjects: 0.802250 ms CreateObjectMapping: 0.240542 ms MarkObjects: 59.388875 ms  DeleteObjects: 4.172084 ms)

Prepare: number of updated asset objects reloaded= 0
========================================================================
Received Import Request.
  Time since last request: 2981.800670 seconds.
  path: Assets/ProgressHomeManager.cs
  artifactKey: Guid(a05ab734b08e542e18c0671a30611f09) Importer(2089858483,192608db42251d675da83286b1cce702)
Start importing Assets/ProgressHomeManager.cs using Guid(a05ab734b08e542e18c0671a30611f09) Importer(2089858483,192608db42251d675da83286b1cce702) (ScriptedImporter) -> (artifact id: '8707833bb07cb4f8a3151204206501c1') in 0.028498625 seconds
Number of updated asset objects reloaded before import = 0Number of asset objects unloaded after import = 0

========================================================================
Received Prepare
Begin MonoManager ReloadAssembly
Thread 0x17d4df000 may have been prematurely finalized
Symbol file LoadedFromMemory is not a mono symbol file
- Loaded All Assemblies, in  1.920 seconds
'Packages/com.unity.xr.openxr/Runtime/OpenXRLoader.cs' contains partial class of Unity.Object, exactly 1 of the partial classes needs to be in a file with the same filename. This is to know the one that can be referenced from ie. GameObjects
'Packages/com.unity.xr.openxr/Runtime/OpenXRLoaderInternal.cs' contains partial class of Unity.Object, exactly 1 of the partial classes needs to be in a file with the same filename. This is to know the one that can be referenced from ie. GameObjects
Refreshing native plugins compatible for Editor in 3.10 ms, found 11 plugins.
Native extension for iOS target not found
Native extension for Android target not found
Native extension for OSXStandalone target not found
Native extension for WebGL target not found
[Package Manager] Failed to launch server process. Reason: Unity was launched with the -noUpm command-line argument
[Package Manager] Unable to send message (not connected to server process).
[Package Manager] Cannot connect to Unity Package Manager local server
[Package Manager] Failed to launch server process. Reason: Unity was launched with the -noUpm command-line argument
[Package Manager] Unable to send message (not connected to server process).
[Package Manager] Cannot connect to Unity Package Manager local server
[Package Manager] Failed to launch server process. Reason: Unity was launched with the -noUpm command-line argument
[Package Manager] Unable to send message (not connected to server process).
[Package Manager] Cannot connect to Unity Package Manager local server
System.Reflection.TargetInvocationException: Exception has been thrown by the target of an invocation. ---> System.TypeInitializationException: The type initializer for 'UnityEditor.XR.Interaction.Toolkit.Samples.ARStarterAssets.Editor.ARStarterAssetsSampleProjectValidation' threw an exception. ---> System.NullReferenceException: Object reference not set to an instance of an object
  at Unity.XR.CoreUtils.Editor.PackageVersionUtility.UpdatePackageVersions () [0x00034] in ./Library/PackageCache/com.unity.xr.core-utils/Editor/ProjectValidation/PackageVersionUtility.cs:46 
  at Unity.XR.CoreUtils.Editor.PackageVersionUtility.GetPackageVersion (System.String packageName) [0x00011] in ./Library/PackageCache/com.unity.xr.core-utils/Editor/ProjectValidation/PackageVersionUtility.cs:67 
  at UnityEditor.XR.Interaction.Toolkit.Samples.ARStarterAssets.Editor.ARStarterAssetsSampleProjectValidation..cctor () [0x00032] in /Users/ms/Desktop/FYP/AR Global Language Learning/Assets/Samples/XR Interaction Toolkit/3.0.6/AR Starter Assets/Editor/Scripts/ARStarterAssetsSampleProjectValidation.cs:32 
   --- End of inner exception stack trace ---
  at (wrapper managed-to-native) System.Reflection.RuntimeMethodInfo.InternalInvoke(System.Reflection.RuntimeMethodInfo,object,object[],System.Exception&)
  at System.Reflection.RuntimeMethodInfo.Invoke (System.Object obj, System.Reflection.BindingFlags invokeAttr, System.Reflection.Binder binder, System.Object[] parameters, System.Globalization.CultureInfo culture) [0x0006a] in <3aacbe608a2f468eb6bb1c15e219490d>:0 
   --- End of inner exception stack trace ---
  at System.Reflection.RuntimeMethodInfo.Invoke (System.Object obj, System.Reflection.BindingFlags invokeAttr, System.Reflection.Binder binder, System.Object[] parameters, System.Globalization.CultureInfo culture) [0x00083] in <3aacbe608a2f468eb6bb1c15e219490d>:0 
  at System.Reflection.MethodBase.Invoke (System.Object obj, System.Object[] parameters) [0x00000] in <3aacbe608a2f468eb6bb1c15e219490d>:0 
  at UnityEditor.EditorAssemblies.ProcessInitializeOnLoadMethodAttributes () [0x00056] in /Users/bokken/build/output/unity/unity/Editor/Mono/EditorAssemblies.cs:142 
UnityEngine.Debug:ExtractStackTraceNoAlloc (byte*,int,string)
UnityEngine.StackTraceUtility:ExtractStackTrace () (at /Users/bokken/build/output/unity/unity/Runtime/Export/Scripting/StackTrace.cs:37)
UnityEngine.DebugLogHandler:Internal_Log (UnityEngine.LogType,UnityEngine.LogOption,string,UnityEngine.Object)
UnityEngine.DebugLogHandler:LogFormat (UnityEngine.LogType,UnityEngine.Object,string,object[])
UnityEngine.Logger:Log (UnityEngine.LogType,object)
UnityEngine.Debug:LogError (object)
UnityEditor.EditorAssemblies:ProcessInitializeOnLoadMethodAttributes () (at /Users/bokken/build/output/unity/unity/Editor/Mono/EditorAssemblies.cs:146)

(Filename: /Users/bokken/build/output/unity/unity/Editor/Mono/EditorAssemblies.cs Line: 146)

Mono: successfully reloaded assembly
[Package Manager] Failed to launch server process. Reason: Unity was launched with the -noUpm command-line argument
[Package Manager] Unable to send message (not connected to server process).
[Package Manager] Cannot connect to Unity Package Manager local server
- Finished resetting the current domain, in  1.114 seconds
Domain Reload Profiling: 3044ms
	BeginReloadAssembly (737ms)
		ExecutionOrderSort (0ms)
		DisableScriptedObjects (125ms)
		BackupInstance (0ms)
		ReleaseScriptingObjects (1ms)
		CreateAndSetChildDomain (244ms)
	RebuildCommonClasses (53ms)
	RebuildNativeTypeToScriptingClass (10ms)
	initialDomainReloadingComplete (25ms)
	LoadAllAssembliesAndSetupDomain (1099ms)
		LoadAssemblies (879ms)
		RebuildTransferFunctionScriptingTraits (0ms)
		AnalyzeDomain (460ms)
			TypeCache.Refresh (127ms)
				TypeCache.ScanAssembly (27ms)
			BuildScriptInfoCaches (309ms)
			ResolveRequiredComponents (13ms)
	FinalizeReload (1120ms)
		ReleaseScriptCaches (0ms)
		RebuildScriptCaches (0ms)
		SetupLoadedEditorAssemblies (848ms)
			LogAssemblyErrors (0ms)
			InitializePlatformSupportModulesInManaged (78ms)
			SetLoadedEditorAssemblies (4ms)
			BeforeProcessingInitializeOnLoad (92ms)
			ProcessInitializeOnLoadAttributes (524ms)
			ProcessInitializeOnLoadMethodAttributes (149ms)
			AfterProcessingInitializeOnLoad (1ms)
			EditorAssembliesLoaded (0ms)
		ExecutionOrderSort2 (0ms)
		AwakeInstancesAfterBackupRestoration (18ms)
Refreshing native plugins compatible for Editor in 7.82 ms, found 11 plugins.
Preloading 0 native plugins for Editor in 0.00 ms.
Unloading 51 Unused Serialized files (Serialized files now loaded: 0)
Unloading 6045 unused Assets / (7.1 MB). Loaded Objects now: 6834.
Memory consumption went from 212.5 MB to 205.4 MB.
Total: 25.081459 ms (FindLiveObjects: 1.331083 ms CreateObjectMapping: 0.386750 ms MarkObjects: 17.023958 ms  DeleteObjects: 6.338875 ms)

Prepare: number of updated asset objects reloaded= 0
========================================================================
Received Import Request.
  Time since last request: 53.061164 seconds.
  path: Assets/ProgressHomeManager.cs
  artifactKey: Guid(a05ab734b08e542e18c0671a30611f09) Importer(2089858483,192608db42251d675da83286b1cce702)
Start importing Assets/ProgressHomeManager.cs using Guid(a05ab734b08e542e18c0671a30611f09) Importer(2089858483,192608db42251d675da83286b1cce702) (ScriptedImporter) -> (artifact id: 'f86ac022c8b0634745d2decafc11563b') in 0.15659025 seconds
Number of updated asset objects reloaded before import = 0Number of asset objects unloaded after import = 0

========================================================================
Received Import Request.
  Time since last request: 16.735320 seconds.
  path: Assets/Scenes/Cha_enter.unity
  artifactKey: Guid(173f30f3266414c6dbbbed640aed273b) Importer(815301076,1909f56bfc062723c751e8b465ee728b)
Start importing Assets/Scenes/Cha_enter.unity using Guid(173f30f3266414c6dbbbed640aed273b) Importer(815301076,1909f56bfc062723c751e8b465ee728b) (PreviewImporter) -> (artifact id: '9801de884235c31dffa8f7fecd03d474') in 0.001737709 seconds
Number of updated asset objects reloaded before import = 0Number of asset objects unloaded after import = 0

========================================================================
Received Import Request.
  Time since last request: 12.172183 seconds.
  path: Assets/ChallengeManager.cs
  artifactKey: Guid(4ac014ffc492c42cfbaf9a5d1e5e2730) Importer(815301076,1909f56bfc062723c751e8b465ee728b)
Start importing Assets/ChallengeManager.cs using Guid(4ac014ffc492c42cfbaf9a5d1e5e2730) Importer(815301076,1909f56bfc062723c751e8b465ee728b) (PreviewImporter) -> (artifact id: '5631fd477cc6d11e55ecc102e1241ed2') in 0.00454025 seconds
Number of updated asset objects reloaded before import = 0Number of asset objects unloaded after import = 0

========================================================================
Received Prepare
Begin MonoManager ReloadAssembly
Thread 0x17d23b000 may have been prematurely finalized
Symbol file LoadedFromMemory is not a mono symbol file
- Loaded All Assemblies, in  1.351 seconds
'Packages/com.unity.xr.openxr/Runtime/OpenXRLoader.cs' contains partial class of Unity.Object, exactly 1 of the partial classes needs to be in a file with the same filename. This is to know the one that can be referenced from ie. GameObjects
'Packages/com.unity.xr.openxr/Runtime/OpenXRLoaderInternal.cs' contains partial class of Unity.Object, exactly 1 of the partial classes needs to be in a file with the same filename. This is to know the one that can be referenced from ie. GameObjects
Refreshing native plugins compatible for Editor in 3.92 ms, found 11 plugins.
Native extension for iOS target not found
Native extension for Android target not found
Native extension for OSXStandalone target not found
Native extension for WebGL target not found
[Package Manager] Failed to launch server process. Reason: Unity was launched with the -noUpm command-line argument
[Package Manager] Unable to send message (not connected to server process).
[Package Manager] Cannot connect to Unity Package Manager local server
[Package Manager] Failed to launch server process. Reason: Unity was launched with the -noUpm command-line argument
[Package Manager] Unable to send message (not connected to server process).
[Package Manager] Cannot connect to Unity Package Manager local server
[Package Manager] Failed to launch server process. Reason: Unity was launched with the -noUpm command-line argument
[Package Manager] Unable to send message (not connected to server process).
[Package Manager] Cannot connect to Unity Package Manager local server
System.Reflection.TargetInvocationException: Exception has been thrown by the target of an invocation. ---> System.TypeInitializationException: The type initializer for 'UnityEditor.XR.Interaction.Toolkit.Samples.ARStarterAssets.Editor.ARStarterAssetsSampleProjectValidation' threw an exception. ---> System.NullReferenceException: Object reference not set to an instance of an object
  at Unity.XR.CoreUtils.Editor.PackageVersionUtility.UpdatePackageVersions () [0x00034] in ./Library/PackageCache/com.unity.xr.core-utils/Editor/ProjectValidation/PackageVersionUtility.cs:46 
  at Unity.XR.CoreUtils.Editor.PackageVersionUtility.GetPackageVersion (System.String packageName) [0x00011] in ./Library/PackageCache/com.unity.xr.core-utils/Editor/ProjectValidation/PackageVersionUtility.cs:67 
  at UnityEditor.XR.Interaction.Toolkit.Samples.ARStarterAssets.Editor.ARStarterAssetsSampleProjectValidation..cctor () [0x00032] in /Users/ms/Desktop/FYP/AR Global Language Learning/Assets/Samples/XR Interaction Toolkit/3.0.6/AR Starter Assets/Editor/Scripts/ARStarterAssetsSampleProjectValidation.cs:32 
   --- End of inner exception stack trace ---
  at (wrapper managed-to-native) System.Reflection.RuntimeMethodInfo.InternalInvoke(System.Reflection.RuntimeMethodInfo,object,object[],System.Exception&)
  at System.Reflection.RuntimeMethodInfo.Invoke (System.Object obj, System.Reflection.BindingFlags invokeAttr, System.Reflection.Binder binder, System.Object[] parameters, System.Globalization.CultureInfo culture) [0x0006a] in <3aacbe608a2f468eb6bb1c15e219490d>:0 
   --- End of inner exception stack trace ---
  at System.Reflection.RuntimeMethodInfo.Invoke (System.Object obj, System.Reflection.BindingFlags invokeAttr, System.Reflection.Binder binder, System.Object[] parameters, System.Globalization.CultureInfo culture) [0x00083] in <3aacbe608a2f468eb6bb1c15e219490d>:0 
  at System.Reflection.MethodBase.Invoke (System.Object obj, System.Object[] parameters) [0x00000] in <3aacbe608a2f468eb6bb1c15e219490d>:0 
  at UnityEditor.EditorAssemblies.ProcessInitializeOnLoadMethodAttributes () [0x00056] in /Users/bokken/build/output/unity/unity/Editor/Mono/EditorAssemblies.cs:142 
UnityEngine.Debug:ExtractStackTraceNoAlloc (byte*,int,string)
UnityEngine.StackTraceUtility:ExtractStackTrace () (at /Users/bokken/build/output/unity/unity/Runtime/Export/Scripting/StackTrace.cs:37)
UnityEngine.DebugLogHandler:Internal_Log (UnityEngine.LogType,UnityEngine.LogOption,string,UnityEngine.Object)
UnityEngine.DebugLogHandler:LogFormat (UnityEngine.LogType,UnityEngine.Object,string,object[])
UnityEngine.Logger:Log (UnityEngine.LogType,object)
UnityEngine.Debug:LogError (object)
UnityEditor.EditorAssemblies:ProcessInitializeOnLoadMethodAttributes () (at /Users/bokken/build/output/unity/unity/Editor/Mono/EditorAssemblies.cs:146)

(Filename: /Users/bokken/build/output/unity/unity/Editor/Mono/EditorAssemblies.cs Line: 146)

Mono: successfully reloaded assembly
[Package Manager] Failed to launch server process. Reason: Unity was launched with the -noUpm command-line argument
[Package Manager] Unable to send message (not connected to server process).
[Package Manager] Cannot connect to Unity Package Manager local server
- Finished resetting the current domain, in  1.322 seconds
Domain Reload Profiling: 2681ms
	BeginReloadAssembly (275ms)
		ExecutionOrderSort (0ms)
		DisableScriptedObjects (11ms)
		BackupInstance (0ms)
		ReleaseScriptingObjects (1ms)
		CreateAndSetChildDomain (122ms)
	RebuildCommonClasses (37ms)
	RebuildNativeTypeToScriptingClass (14ms)
	initialDomainReloadingComplete (20ms)
	LoadAllAssembliesAndSetupDomain (1014ms)
		LoadAssemblies (611ms)
		RebuildTransferFunctionScriptingTraits (0ms)
		AnalyzeDomain (463ms)
			TypeCache.Refresh (53ms)
				TypeCache.ScanAssembly (3ms)
			BuildScriptInfoCaches (371ms)
			ResolveRequiredComponents (21ms)
	FinalizeReload (1322ms)
		ReleaseScriptCaches (0ms)
		RebuildScriptCaches (0ms)
		SetupLoadedEditorAssemblies (1013ms)
			LogAssemblyErrors (0ms)
			InitializePlatformSupportModulesInManaged (156ms)
			SetLoadedEditorAssemblies (8ms)
			BeforeProcessingInitializeOnLoad (110ms)
			ProcessInitializeOnLoadAttributes (605ms)
			ProcessInitializeOnLoadMethodAttributes (133ms)
			AfterProcessingInitializeOnLoad (1ms)
			EditorAssembliesLoaded (0ms)
		ExecutionOrderSort2 (0ms)
		AwakeInstancesAfterBackupRestoration (9ms)
Refreshing native plugins compatible for Editor in 3.11 ms, found 11 plugins.
Preloading 0 native plugins for Editor in 0.00 ms.
Unloading 51 Unused Serialized files (Serialized files now loaded: 0)
Unloading 6045 unused Assets / (7.7 MB). Loaded Objects now: 6837.
Memory consumption went from 207.8 MB to 200.1 MB.
Total: 11.464250 ms (FindLiveObjects: 0.846000 ms CreateObjectMapping: 0.406209 ms MarkObjects: 5.976250 ms  DeleteObjects: 4.235042 ms)

Prepare: number of updated asset objects reloaded= 0
========================================================================
Received Import Request.
  Time since last request: 869.158737 seconds.
  path: Assets/ChallengeManager.cs
  artifactKey: Guid(4ac014ffc492c42cfbaf9a5d1e5e2730) Importer(2089858483,192608db42251d675da83286b1cce702)
Start importing Assets/ChallengeManager.cs using Guid(4ac014ffc492c42cfbaf9a5d1e5e2730) Importer(2089858483,192608db42251d675da83286b1cce702) (ScriptedImporter) -> (artifact id: '408840a05fb08c8676c7c0aaa7a9ebf5') in 0.156352 seconds
Number of updated asset objects reloaded before import = 0Number of asset objects unloaded after import = 0

[usbmuxd] Attached: 166 00008120-000A41CC3C3B401E
========================================================================
Received Import Request.
  Time since last request: 9629.021839 seconds.
  path: Assets/Settings/UniversalRenderPipelineGlobalSettings.asset
  artifactKey: Guid(18dc0cd2c080841dea60987a38ce93fa) Importer(2089858483,192608db42251d675da83286b1cce702)
Start importing Assets/Settings/UniversalRenderPipelineGlobalSettings.asset using Guid(18dc0cd2c080841dea60987a38ce93fa) Importer(2089858483,192608db42251d675da83286b1cce702) (ScriptedImporter) -> (artifact id: '9cad87f4111a292b8caaf8aeed4d275c') in 0.396795209 seconds
Number of updated asset objects reloaded before import = 1Number of asset objects unloaded after import = 0

[usbmuxd] Detached: 166 00008120-000A41CC3C3B401E
